<?xml version="1.0" encoding="UTF-8"?>
<!-- Generated by org.testng.reporters.JUnitXMLReporter -->
<testsuite ignored="1" hostname="Buvanthik" failures="0" tests="3" name="Default test" time="0.08" errors="0" timestamp="2022-09-05T07:37:59 IST">
  <testcase classname="pom.besant.Besant.Testing" name="addToCart" time="0.018"/>
  <testcase classname="pom.besant.Besant.Testing" name="login" time="0.002"/>
  <testcase classname="pom.besant.Besant.Testing" name="searchProduct" time="0.003"/>
  <testcase classname="pom.besant.Besant.Testing" name="signup" time="0.0">
    <ignored/>
  </testcase> <!-- signup -->
</testsuite> <!-- Default test -->
